<?xml version="1.0" encoding="UTF-8"?>
<!-- Generated by org.testng.reporters.JUnitReportReporter -->
<testsuite skipped="0" hostname="DESKTOP-8HHAR7I" name="Jen_Demo.NewTest" tests="1" failures="0" timestamp="15 Feb 2019 06:40:39 GMT" time="0.015" errors="0">
  <testcase name="NewTest" time="0.015" classname="Jen_Demo.NewTest"/>
</testsuite> <!-- Jen_Demo.NewTest -->
